2024-12-26T00:34:50.335+07:00  INFO 12284 --- [hieuthuoc] [restartedMain] c.e.hieuthuoc.HieuthuocApplication       : Starting HieuthuocApplication using Java 17.0.8.1 with PID 12284 (C:\Users\Admin\OneDrive\Documents\code\DoAn\NguyenTrungKien_B20DCCN358\BE\hieuthuoc\target\classes started by Admin in C:\Users\Admin\OneDrive\Documents\code\DoAn\NguyenTrungKien_B20DCCN358\BE\hieuthuoc)
2024-12-26T00:34:50.352+07:00  INFO 12284 --- [hieuthuoc] [restartedMain] c.e.hieuthuoc.HieuthuocApplication       : No active profile set, falling back to 1 default profile: "default"
2024-12-26T00:34:50.885+07:00  INFO 12284 --- [hieuthuoc] [restartedMain] .e.DevToolsPropertyDefaultsPostProcessor : Devtools property defaults active! Set 'spring.devtools.add-properties' to 'false' to disable
2024-12-26T00:34:50.887+07:00  INFO 12284 --- [hieuthuoc] [restartedMain] .e.DevToolsPropertyDefaultsPostProcessor : For additional web related logging consider setting the 'logging.level.web' property to 'DEBUG'
2024-12-26T00:34:52.589+07:00  INFO 12284 --- [hieuthuoc] [restartedMain] .s.d.r.c.RepositoryConfigurationDelegate : Bootstrapping Spring Data JPA repositories in DEFAULT mode.
2024-12-26T00:34:52.953+07:00  INFO 12284 --- [hieuthuoc] [restartedMain] .s.d.r.c.RepositoryConfigurationDelegate : Finished Spring Data repository scanning in 347 ms. Found 25 JPA repository interfaces.
2024-12-26T00:34:54.531+07:00  INFO 12284 --- [hieuthuoc] [restartedMain] o.s.b.w.embedded.tomcat.TomcatWebServer  : Tomcat initialized with port 8888 (http)
2024-12-26T00:34:54.557+07:00  INFO 12284 --- [hieuthuoc] [restartedMain] o.apache.catalina.core.StandardService   : Starting service [Tomcat]
2024-12-26T00:34:54.558+07:00  INFO 12284 --- [hieuthuoc] [restartedMain] o.apache.catalina.core.StandardEngine    : Starting Servlet engine: [Apache Tomcat/10.1.31]
2024-12-26T00:34:54.682+07:00  INFO 12284 --- [hieuthuoc] [restartedMain] o.a.c.c.C.[.[localhost].[/hieuthuoc]     : Initializing Spring embedded WebApplicationContext
2024-12-26T00:34:54.682+07:00  INFO 12284 --- [hieuthuoc] [restartedMain] w.s.c.ServletWebServerApplicationContext : Root WebApplicationContext: initialization completed in 3792 ms
2024-12-26T00:34:54.760+07:00  INFO 12284 --- [hieuthuoc] [restartedMain] com.zaxxer.hikari.HikariDataSource       : HikariPool-1 - Starting...
2024-12-26T00:34:55.380+07:00  INFO 12284 --- [hieuthuoc] [restartedMain] com.zaxxer.hikari.pool.HikariPool        : HikariPool-1 - Added connection com.mysql.cj.jdbc.ConnectionImpl@5f9ed6da
2024-12-26T00:34:55.385+07:00  INFO 12284 --- [hieuthuoc] [restartedMain] com.zaxxer.hikari.HikariDataSource       : HikariPool-1 - Start completed.
2024-12-26T00:34:55.408+07:00  INFO 12284 --- [hieuthuoc] [restartedMain] o.s.b.a.h2.H2ConsoleAutoConfiguration    : H2 console available at '/h2-console'. Database available at 'jdbc:mysql://localhost:3306/hieuthuoc'
2024-12-26T00:34:55.910+07:00  INFO 12284 --- [hieuthuoc] [restartedMain] o.hibernate.jpa.internal.util.LogHelper  : HHH000204: Processing PersistenceUnitInfo [name: default]
2024-12-26T00:34:56.042+07:00  INFO 12284 --- [hieuthuoc] [restartedMain] org.hibernate.Version                    : HHH000412: Hibernate ORM core version 6.5.3.Final
2024-12-26T00:34:56.115+07:00  INFO 12284 --- [hieuthuoc] [restartedMain] o.h.c.internal.RegionFactoryInitiator    : HHH000026: Second-level cache disabled
2024-12-26T00:34:56.679+07:00  INFO 12284 --- [hieuthuoc] [restartedMain] o.s.o.j.p.SpringPersistenceUnitInfo      : No LoadTimeWeaver setup: ignoring JPA class transformer
2024-12-26T00:34:56.806+07:00  WARN 12284 --- [hieuthuoc] [restartedMain] org.hibernate.orm.deprecation            : HHH90000025: MySQL8Dialect does not need to be specified explicitly using 'hibernate.dialect' (remove the property setting and it will be selected by default)
2024-12-26T00:34:56.808+07:00  WARN 12284 --- [hieuthuoc] [restartedMain] org.hibernate.orm.deprecation            : HHH90000026: MySQL8Dialect has been deprecated; use org.hibernate.dialect.MySQLDialect instead
2024-12-26T00:34:59.104+07:00  INFO 12284 --- [hieuthuoc] [restartedMain] o.h.e.t.j.p.i.JtaPlatformInitiator       : HHH000489: No JTA platform available (set 'hibernate.transaction.jta.platform' to enable JTA platform integration)
2024-12-26T00:35:01.691+07:00  INFO 12284 --- [hieuthuoc] [restartedMain] j.LocalContainerEntityManagerFactoryBean : Initialized JPA EntityManagerFactory for persistence unit 'default'
2024-12-26T00:35:02.151+07:00  INFO 12284 --- [hieuthuoc] [restartedMain] o.s.d.j.r.query.QueryEnhancerFactory     : Hibernate is in classpath; If applicable, HQL parser will be used.
2024-12-26T00:35:03.569+07:00  INFO 12284 --- [hieuthuoc] [restartedMain] eAuthenticationProviderManagerConfigurer : Global AuthenticationManager configured with AuthenticationProvider bean with name authenticationProvider
2024-12-26T00:35:03.571+07:00  WARN 12284 --- [hieuthuoc] [restartedMain] r$InitializeUserDetailsManagerConfigurer : Global AuthenticationManager configured with an AuthenticationProvider bean. UserDetailsService beans will not be used for username/password login. Consider removing the AuthenticationProvider bean. Alternatively, consider using the UserDetailsService in a manually instantiated DaoAuthenticationProvider.
2024-12-26T00:35:05.189+07:00  WARN 12284 --- [hieuthuoc] [restartedMain] JpaBaseConfiguration$JpaWebConfiguration : spring.jpa.open-in-view is enabled by default. Therefore, database queries may be performed during view rendering. Explicitly configure spring.jpa.open-in-view to disable this warning
2024-12-26T00:35:06.086+07:00  WARN 12284 --- [hieuthuoc] [restartedMain] ion$DefaultTemplateResolverConfiguration : Cannot find template location: classpath:/templates/ (please add some templates, check your Thymeleaf configuration, or set spring.thymeleaf.check-template-location=false)
2024-12-26T00:35:06.540+07:00  INFO 12284 --- [hieuthuoc] [restartedMain] o.s.b.d.a.OptionalLiveReloadServer       : LiveReload server is running on port 35729
2024-12-26T00:35:06.603+07:00  INFO 12284 --- [hieuthuoc] [restartedMain] o.s.b.w.embedded.tomcat.TomcatWebServer  : Tomcat started on port 8888 (http) with context path '/hieuthuoc'
2024-12-26T00:35:06.622+07:00  INFO 12284 --- [hieuthuoc] [restartedMain] c.e.hieuthuoc.HieuthuocApplication       : Started HieuthuocApplication in 17.144 seconds (process running for 18.19)
2024-12-26T01:27:18.809+07:00  INFO 20896 --- [hieuthuoc] [restartedMain] c.e.hieuthuoc.HieuthuocApplication       : Starting HieuthuocApplication using Java 17.0.8.1 with PID 20896 (C:\Users\Admin\OneDrive\Documents\code\DoAn\NguyenTrungKien_B20DCCN358\BE\hieuthuoc\target\classes started by Admin in C:\Users\Admin\OneDrive\Documents\code\DoAn\NguyenTrungKien_B20DCCN358\BE\hieuthuoc)
2024-12-26T01:27:18.814+07:00  INFO 20896 --- [hieuthuoc] [restartedMain] c.e.hieuthuoc.HieuthuocApplication       : No active profile set, falling back to 1 default profile: "default"
2024-12-26T01:27:19.295+07:00  INFO 20896 --- [hieuthuoc] [restartedMain] .e.DevToolsPropertyDefaultsPostProcessor : Devtools property defaults active! Set 'spring.devtools.add-properties' to 'false' to disable
2024-12-26T01:27:19.295+07:00  INFO 20896 --- [hieuthuoc] [restartedMain] .e.DevToolsPropertyDefaultsPostProcessor : For additional web related logging consider setting the 'logging.level.web' property to 'DEBUG'
2024-12-26T01:27:21.090+07:00  INFO 20896 --- [hieuthuoc] [restartedMain] .s.d.r.c.RepositoryConfigurationDelegate : Bootstrapping Spring Data JPA repositories in DEFAULT mode.
2024-12-26T01:27:21.404+07:00  INFO 20896 --- [hieuthuoc] [restartedMain] .s.d.r.c.RepositoryConfigurationDelegate : Finished Spring Data repository scanning in 293 ms. Found 25 JPA repository interfaces.
2024-12-26T01:27:23.027+07:00  INFO 20896 --- [hieuthuoc] [restartedMain] o.s.b.w.embedded.tomcat.TomcatWebServer  : Tomcat initialized with port 8888 (http)
2024-12-26T01:27:23.053+07:00  INFO 20896 --- [hieuthuoc] [restartedMain] o.apache.catalina.core.StandardService   : Starting service [Tomcat]
2024-12-26T01:27:23.053+07:00  INFO 20896 --- [hieuthuoc] [restartedMain] o.apache.catalina.core.StandardEngine    : Starting Servlet engine: [Apache Tomcat/10.1.31]
2024-12-26T01:27:23.181+07:00  INFO 20896 --- [hieuthuoc] [restartedMain] o.a.c.c.C.[.[localhost].[/hieuthuoc]     : Initializing Spring embedded WebApplicationContext
2024-12-26T01:27:23.182+07:00  INFO 20896 --- [hieuthuoc] [restartedMain] w.s.c.ServletWebServerApplicationContext : Root WebApplicationContext: initialization completed in 3885 ms
2024-12-26T01:27:23.269+07:00  INFO 20896 --- [hieuthuoc] [restartedMain] com.zaxxer.hikari.HikariDataSource       : HikariPool-1 - Starting...
2024-12-26T01:27:23.776+07:00  INFO 20896 --- [hieuthuoc] [restartedMain] com.zaxxer.hikari.pool.HikariPool        : HikariPool-1 - Added connection com.mysql.cj.jdbc.ConnectionImpl@52132e68
2024-12-26T01:27:23.779+07:00  INFO 20896 --- [hieuthuoc] [restartedMain] com.zaxxer.hikari.HikariDataSource       : HikariPool-1 - Start completed.
2024-12-26T01:27:23.799+07:00  INFO 20896 --- [hieuthuoc] [restartedMain] o.s.b.a.h2.H2ConsoleAutoConfiguration    : H2 console available at '/h2-console'. Database available at 'jdbc:mysql://localhost:3306/hieuthuoc'
2024-12-26T01:27:24.107+07:00  INFO 20896 --- [hieuthuoc] [restartedMain] o.hibernate.jpa.internal.util.LogHelper  : HHH000204: Processing PersistenceUnitInfo [name: default]
2024-12-26T01:27:24.234+07:00  INFO 20896 --- [hieuthuoc] [restartedMain] org.hibernate.Version                    : HHH000412: Hibernate ORM core version 6.5.3.Final
2024-12-26T01:27:24.312+07:00  INFO 20896 --- [hieuthuoc] [restartedMain] o.h.c.internal.RegionFactoryInitiator    : HHH000026: Second-level cache disabled
2024-12-26T01:27:24.915+07:00  INFO 20896 --- [hieuthuoc] [restartedMain] o.s.o.j.p.SpringPersistenceUnitInfo      : No LoadTimeWeaver setup: ignoring JPA class transformer
2024-12-26T01:27:25.038+07:00  WARN 20896 --- [hieuthuoc] [restartedMain] org.hibernate.orm.deprecation            : HHH90000025: MySQL8Dialect does not need to be specified explicitly using 'hibernate.dialect' (remove the property setting and it will be selected by default)
2024-12-26T01:27:25.041+07:00  WARN 20896 --- [hieuthuoc] [restartedMain] org.hibernate.orm.deprecation            : HHH90000026: MySQL8Dialect has been deprecated; use org.hibernate.dialect.MySQLDialect instead
2024-12-26T01:27:27.431+07:00  INFO 20896 --- [hieuthuoc] [restartedMain] o.h.e.t.j.p.i.JtaPlatformInitiator       : HHH000489: No JTA platform available (set 'hibernate.transaction.jta.platform' to enable JTA platform integration)
2024-12-26T01:27:30.005+07:00  INFO 20896 --- [hieuthuoc] [restartedMain] j.LocalContainerEntityManagerFactoryBean : Initialized JPA EntityManagerFactory for persistence unit 'default'
2024-12-26T01:27:30.510+07:00  INFO 20896 --- [hieuthuoc] [restartedMain] o.s.d.j.r.query.QueryEnhancerFactory     : Hibernate is in classpath; If applicable, HQL parser will be used.
2024-12-26T01:27:31.985+07:00  INFO 20896 --- [hieuthuoc] [restartedMain] eAuthenticationProviderManagerConfigurer : Global AuthenticationManager configured with AuthenticationProvider bean with name authenticationProvider
2024-12-26T01:27:31.987+07:00  WARN 20896 --- [hieuthuoc] [restartedMain] r$InitializeUserDetailsManagerConfigurer : Global AuthenticationManager configured with an AuthenticationProvider bean. UserDetailsService beans will not be used for username/password login. Consider removing the AuthenticationProvider bean. Alternatively, consider using the UserDetailsService in a manually instantiated DaoAuthenticationProvider.
2024-12-26T01:27:33.500+07:00  WARN 20896 --- [hieuthuoc] [restartedMain] JpaBaseConfiguration$JpaWebConfiguration : spring.jpa.open-in-view is enabled by default. Therefore, database queries may be performed during view rendering. Explicitly configure spring.jpa.open-in-view to disable this warning
2024-12-26T01:27:34.357+07:00  WARN 20896 --- [hieuthuoc] [restartedMain] ion$DefaultTemplateResolverConfiguration : Cannot find template location: classpath:/templates/ (please add some templates, check your Thymeleaf configuration, or set spring.thymeleaf.check-template-location=false)
2024-12-26T01:27:34.842+07:00  WARN 20896 --- [hieuthuoc] [restartedMain] o.s.b.d.a.OptionalLiveReloadServer       : Unable to start LiveReload server
2024-12-26T01:27:34.881+07:00  WARN 20896 --- [hieuthuoc] [restartedMain] ConfigServletWebServerApplicationContext : Exception encountered during context initialization - cancelling refresh attempt: org.springframework.context.ApplicationContextException: Failed to start bean 'webServerStartStop'
2024-12-26T01:27:34.892+07:00  INFO 20896 --- [hieuthuoc] [restartedMain] j.LocalContainerEntityManagerFactoryBean : Closing JPA EntityManagerFactory for persistence unit 'default'
2024-12-26T01:27:34.898+07:00  INFO 20896 --- [hieuthuoc] [restartedMain] com.zaxxer.hikari.HikariDataSource       : HikariPool-1 - Shutdown initiated...
2024-12-26T01:27:34.915+07:00  INFO 20896 --- [hieuthuoc] [restartedMain] com.zaxxer.hikari.HikariDataSource       : HikariPool-1 - Shutdown completed.
2024-12-26T01:27:34.939+07:00  INFO 20896 --- [hieuthuoc] [restartedMain] .s.b.a.l.ConditionEvaluationReportLogger : 

Error starting ApplicationContext. To display the condition evaluation report re-run your application with 'debug' enabled.
2024-12-26T01:27:34.988+07:00 ERROR 20896 --- [hieuthuoc] [restartedMain] o.s.b.d.LoggingFailureAnalysisReporter   : 

***************************
APPLICATION FAILED TO START
***************************

Description:

Web server failed to start. Port 8888 was already in use.

Action:

Identify and stop the process that's listening on port 8888 or configure this application to listen on another port.

2024-12-26T01:29:11.830+07:00  INFO 12284 --- [hieuthuoc] [http-nio-8888-exec-1] o.a.c.c.C.[.[localhost].[/hieuthuoc]     : Initializing Spring DispatcherServlet 'dispatcherServlet'
2024-12-26T01:29:11.836+07:00  INFO 12284 --- [hieuthuoc] [http-nio-8888-exec-1] o.s.web.servlet.DispatcherServlet        : Initializing Servlet 'dispatcherServlet'
2024-12-26T01:29:11.876+07:00  INFO 12284 --- [hieuthuoc] [http-nio-8888-exec-1] o.s.web.servlet.DispatcherServlet        : Completed initialization in 40 ms
2024-12-26T01:34:36.608+07:00  INFO 11868 --- [hieuthuoc] [restartedMain] c.e.hieuthuoc.HieuthuocApplication       : Starting HieuthuocApplication using Java 17.0.8.1 with PID 11868 (C:\Users\Admin\OneDrive\Documents\code\DoAn\NguyenTrungKien_B20DCCN358\BE\hieuthuoc\target\classes started by Admin in C:\Users\Admin\OneDrive\Documents\code\DoAn\NguyenTrungKien_B20DCCN358\BE\hieuthuoc)
2024-12-26T01:34:36.614+07:00  INFO 11868 --- [hieuthuoc] [restartedMain] c.e.hieuthuoc.HieuthuocApplication       : No active profile set, falling back to 1 default profile: "default"
2024-12-26T01:34:37.109+07:00  INFO 11868 --- [hieuthuoc] [restartedMain] .e.DevToolsPropertyDefaultsPostProcessor : Devtools property defaults active! Set 'spring.devtools.add-properties' to 'false' to disable
2024-12-26T01:34:37.110+07:00  INFO 11868 --- [hieuthuoc] [restartedMain] .e.DevToolsPropertyDefaultsPostProcessor : For additional web related logging consider setting the 'logging.level.web' property to 'DEBUG'
2024-12-26T01:34:38.796+07:00  INFO 11868 --- [hieuthuoc] [restartedMain] .s.d.r.c.RepositoryConfigurationDelegate : Bootstrapping Spring Data JPA repositories in DEFAULT mode.
2024-12-26T01:34:39.147+07:00  INFO 11868 --- [hieuthuoc] [restartedMain] .s.d.r.c.RepositoryConfigurationDelegate : Finished Spring Data repository scanning in 336 ms. Found 25 JPA repository interfaces.
2024-12-26T01:34:41.025+07:00  INFO 11868 --- [hieuthuoc] [restartedMain] o.s.b.w.embedded.tomcat.TomcatWebServer  : Tomcat initialized with port 8888 (http)
2024-12-26T01:34:41.059+07:00  INFO 11868 --- [hieuthuoc] [restartedMain] o.apache.catalina.core.StandardService   : Starting service [Tomcat]
2024-12-26T01:34:41.062+07:00  INFO 11868 --- [hieuthuoc] [restartedMain] o.apache.catalina.core.StandardEngine    : Starting Servlet engine: [Apache Tomcat/10.1.31]
2024-12-26T01:34:41.217+07:00  INFO 11868 --- [hieuthuoc] [restartedMain] o.a.c.c.C.[.[localhost].[/hieuthuoc]     : Initializing Spring embedded WebApplicationContext
2024-12-26T01:34:41.218+07:00  INFO 11868 --- [hieuthuoc] [restartedMain] w.s.c.ServletWebServerApplicationContext : Root WebApplicationContext: initialization completed in 4107 ms
2024-12-26T01:34:41.324+07:00  INFO 11868 --- [hieuthuoc] [restartedMain] com.zaxxer.hikari.HikariDataSource       : HikariPool-1 - Starting...
2024-12-26T01:34:41.954+07:00  INFO 11868 --- [hieuthuoc] [restartedMain] com.zaxxer.hikari.pool.HikariPool        : HikariPool-1 - Added connection com.mysql.cj.jdbc.ConnectionImpl@5af2075a
2024-12-26T01:34:41.958+07:00  INFO 11868 --- [hieuthuoc] [restartedMain] com.zaxxer.hikari.HikariDataSource       : HikariPool-1 - Start completed.
2024-12-26T01:34:41.982+07:00  INFO 11868 --- [hieuthuoc] [restartedMain] o.s.b.a.h2.H2ConsoleAutoConfiguration    : H2 console available at '/h2-console'. Database available at 'jdbc:mysql://localhost:3306/hieuthuoc'
2024-12-26T01:34:42.324+07:00  INFO 11868 --- [hieuthuoc] [restartedMain] o.hibernate.jpa.internal.util.LogHelper  : HHH000204: Processing PersistenceUnitInfo [name: default]
2024-12-26T01:34:42.453+07:00  INFO 11868 --- [hieuthuoc] [restartedMain] org.hibernate.Version                    : HHH000412: Hibernate ORM core version 6.5.3.Final
2024-12-26T01:34:42.532+07:00  INFO 11868 --- [hieuthuoc] [restartedMain] o.h.c.internal.RegionFactoryInitiator    : HHH000026: Second-level cache disabled
2024-12-26T01:34:43.156+07:00  INFO 11868 --- [hieuthuoc] [restartedMain] o.s.o.j.p.SpringPersistenceUnitInfo      : No LoadTimeWeaver setup: ignoring JPA class transformer
2024-12-26T01:34:43.368+07:00  WARN 11868 --- [hieuthuoc] [restartedMain] org.hibernate.orm.deprecation            : HHH90000025: MySQL8Dialect does not need to be specified explicitly using 'hibernate.dialect' (remove the property setting and it will be selected by default)
2024-12-26T01:34:43.371+07:00  WARN 11868 --- [hieuthuoc] [restartedMain] org.hibernate.orm.deprecation            : HHH90000026: MySQL8Dialect has been deprecated; use org.hibernate.dialect.MySQLDialect instead
2024-12-26T01:34:46.536+07:00  INFO 11868 --- [hieuthuoc] [restartedMain] o.h.e.t.j.p.i.JtaPlatformInitiator       : HHH000489: No JTA platform available (set 'hibernate.transaction.jta.platform' to enable JTA platform integration)
2024-12-26T01:34:47.294+07:00  INFO 11868 --- [hieuthuoc] [restartedMain] j.LocalContainerEntityManagerFactoryBean : Initialized JPA EntityManagerFactory for persistence unit 'default'
2024-12-26T01:34:47.837+07:00  INFO 11868 --- [hieuthuoc] [restartedMain] o.s.d.j.r.query.QueryEnhancerFactory     : Hibernate is in classpath; If applicable, HQL parser will be used.
2024-12-26T01:34:49.374+07:00  INFO 11868 --- [hieuthuoc] [restartedMain] eAuthenticationProviderManagerConfigurer : Global AuthenticationManager configured with AuthenticationProvider bean with name authenticationProvider
2024-12-26T01:34:49.375+07:00  WARN 11868 --- [hieuthuoc] [restartedMain] r$InitializeUserDetailsManagerConfigurer : Global AuthenticationManager configured with an AuthenticationProvider bean. UserDetailsService beans will not be used for username/password login. Consider removing the AuthenticationProvider bean. Alternatively, consider using the UserDetailsService in a manually instantiated DaoAuthenticationProvider.
2024-12-26T01:34:50.826+07:00  WARN 11868 --- [hieuthuoc] [restartedMain] JpaBaseConfiguration$JpaWebConfiguration : spring.jpa.open-in-view is enabled by default. Therefore, database queries may be performed during view rendering. Explicitly configure spring.jpa.open-in-view to disable this warning
2024-12-26T01:34:51.684+07:00  WARN 11868 --- [hieuthuoc] [restartedMain] ion$DefaultTemplateResolverConfiguration : Cannot find template location: classpath:/templates/ (please add some templates, check your Thymeleaf configuration, or set spring.thymeleaf.check-template-location=false)
2024-12-26T01:34:52.155+07:00  INFO 11868 --- [hieuthuoc] [restartedMain] o.s.b.d.a.OptionalLiveReloadServer       : LiveReload server is running on port 35729
2024-12-26T01:34:52.230+07:00  INFO 11868 --- [hieuthuoc] [restartedMain] o.s.b.w.embedded.tomcat.TomcatWebServer  : Tomcat started on port 8888 (http) with context path '/hieuthuoc'
2024-12-26T01:34:52.259+07:00  INFO 11868 --- [hieuthuoc] [restartedMain] c.e.hieuthuoc.HieuthuocApplication       : Started HieuthuocApplication in 16.411 seconds (process running for 17.474)
2024-12-26T01:34:56.938+07:00  INFO 11868 --- [hieuthuoc] [http-nio-8888-exec-2] o.a.c.c.C.[.[localhost].[/hieuthuoc]     : Initializing Spring DispatcherServlet 'dispatcherServlet'
2024-12-26T01:34:56.938+07:00  INFO 11868 --- [hieuthuoc] [http-nio-8888-exec-2] o.s.web.servlet.DispatcherServlet        : Initializing Servlet 'dispatcherServlet'
2024-12-26T01:34:56.942+07:00  INFO 11868 --- [hieuthuoc] [http-nio-8888-exec-2] o.s.web.servlet.DispatcherServlet        : Completed initialization in 3 ms
2024-12-26T01:37:59.166+07:00  INFO 11868 --- [hieuthuoc] [File Watcher] rtingClassPathChangeChangedEventListener : Restarting due to 2 class path changes (0 additions, 0 deletions, 2 modifications)
2024-12-26T01:37:59.293+07:00  INFO 11868 --- [hieuthuoc] [Thread-5] j.LocalContainerEntityManagerFactoryBean : Closing JPA EntityManagerFactory for persistence unit 'default'
2024-12-26T01:37:59.298+07:00  INFO 11868 --- [hieuthuoc] [Thread-5] com.zaxxer.hikari.HikariDataSource       : HikariPool-1 - Shutdown initiated...
2024-12-26T01:37:59.309+07:00  INFO 11868 --- [hieuthuoc] [Thread-5] com.zaxxer.hikari.HikariDataSource       : HikariPool-1 - Shutdown completed.
2024-12-26T01:37:59.522+07:00  INFO 11868 --- [hieuthuoc] [restartedMain] c.e.hieuthuoc.HieuthuocApplication       : Starting HieuthuocApplication using Java 17.0.8.1 with PID 11868 (C:\Users\Admin\OneDrive\Documents\code\DoAn\NguyenTrungKien_B20DCCN358\BE\hieuthuoc\target\classes started by Admin in C:\Users\Admin\OneDrive\Documents\code\DoAn\NguyenTrungKien_B20DCCN358\BE\hieuthuoc)
2024-12-26T01:37:59.523+07:00  INFO 11868 --- [hieuthuoc] [restartedMain] c.e.hieuthuoc.HieuthuocApplication       : No active profile set, falling back to 1 default profile: "default"
2024-12-26T01:38:00.266+07:00  INFO 11868 --- [hieuthuoc] [restartedMain] .s.d.r.c.RepositoryConfigurationDelegate : Bootstrapping Spring Data JPA repositories in DEFAULT mode.
2024-12-26T01:38:00.440+07:00  INFO 11868 --- [hieuthuoc] [restartedMain] .s.d.r.c.RepositoryConfigurationDelegate : Finished Spring Data repository scanning in 173 ms. Found 25 JPA repository interfaces.
2024-12-26T01:38:00.743+07:00  INFO 11868 --- [hieuthuoc] [restartedMain] o.s.b.w.embedded.tomcat.TomcatWebServer  : Tomcat initialized with port 8888 (http)
2024-12-26T01:38:00.745+07:00  INFO 11868 --- [hieuthuoc] [restartedMain] o.apache.catalina.core.StandardService   : Starting service [Tomcat]
2024-12-26T01:38:00.746+07:00  INFO 11868 --- [hieuthuoc] [restartedMain] o.apache.catalina.core.StandardEngine    : Starting Servlet engine: [Apache Tomcat/10.1.31]
2024-12-26T01:38:00.795+07:00  INFO 11868 --- [hieuthuoc] [restartedMain] o.a.c.c.C.[.[localhost].[/hieuthuoc]     : Initializing Spring embedded WebApplicationContext
2024-12-26T01:38:00.795+07:00  INFO 11868 --- [hieuthuoc] [restartedMain] w.s.c.ServletWebServerApplicationContext : Root WebApplicationContext: initialization completed in 1268 ms
2024-12-26T01:38:00.819+07:00  INFO 11868 --- [hieuthuoc] [restartedMain] com.zaxxer.hikari.HikariDataSource       : HikariPool-2 - Starting...
2024-12-26T01:38:00.839+07:00  INFO 11868 --- [hieuthuoc] [restartedMain] com.zaxxer.hikari.pool.HikariPool        : HikariPool-2 - Added connection com.mysql.cj.jdbc.ConnectionImpl@7a686425
2024-12-26T01:38:00.839+07:00  INFO 11868 --- [hieuthuoc] [restartedMain] com.zaxxer.hikari.HikariDataSource       : HikariPool-2 - Start completed.
2024-12-26T01:38:00.840+07:00  INFO 11868 --- [hieuthuoc] [restartedMain] o.s.b.a.h2.H2ConsoleAutoConfiguration    : H2 console available at '/h2-console'. Database available at 'jdbc:mysql://localhost:3306/hieuthuoc'
2024-12-26T01:38:00.993+07:00  INFO 11868 --- [hieuthuoc] [restartedMain] o.hibernate.jpa.internal.util.LogHelper  : HHH000204: Processing PersistenceUnitInfo [name: default]
2024-12-26T01:38:01.004+07:00  INFO 11868 --- [hieuthuoc] [restartedMain] o.h.c.internal.RegionFactoryInitiator    : HHH000026: Second-level cache disabled
2024-12-26T01:38:01.058+07:00  INFO 11868 --- [hieuthuoc] [restartedMain] o.s.o.j.p.SpringPersistenceUnitInfo      : No LoadTimeWeaver setup: ignoring JPA class transformer
2024-12-26T01:38:01.062+07:00  WARN 11868 --- [hieuthuoc] [restartedMain] org.hibernate.orm.deprecation            : HHH90000025: MySQL8Dialect does not need to be specified explicitly using 'hibernate.dialect' (remove the property setting and it will be selected by default)
2024-12-26T01:38:01.065+07:00  WARN 11868 --- [hieuthuoc] [restartedMain] org.hibernate.orm.deprecation            : HHH90000026: MySQL8Dialect has been deprecated; use org.hibernate.dialect.MySQLDialect instead
2024-12-26T01:38:01.793+07:00  INFO 11868 --- [hieuthuoc] [restartedMain] o.h.e.t.j.p.i.JtaPlatformInitiator       : HHH000489: No JTA platform available (set 'hibernate.transaction.jta.platform' to enable JTA platform integration)
2024-12-26T01:38:02.336+07:00  INFO 11868 --- [hieuthuoc] [restartedMain] j.LocalContainerEntityManagerFactoryBean : Initialized JPA EntityManagerFactory for persistence unit 'default'
2024-12-26T01:38:02.703+07:00  INFO 11868 --- [hieuthuoc] [restartedMain] eAuthenticationProviderManagerConfigurer : Global AuthenticationManager configured with AuthenticationProvider bean with name authenticationProvider
2024-12-26T01:38:02.704+07:00  WARN 11868 --- [hieuthuoc] [restartedMain] r$InitializeUserDetailsManagerConfigurer : Global AuthenticationManager configured with an AuthenticationProvider bean. UserDetailsService beans will not be used for username/password login. Consider removing the AuthenticationProvider bean. Alternatively, consider using the UserDetailsService in a manually instantiated DaoAuthenticationProvider.
2024-12-26T01:38:03.225+07:00  WARN 11868 --- [hieuthuoc] [restartedMain] JpaBaseConfiguration$JpaWebConfiguration : spring.jpa.open-in-view is enabled by default. Therefore, database queries may be performed during view rendering. Explicitly configure spring.jpa.open-in-view to disable this warning
2024-12-26T01:38:03.524+07:00  WARN 11868 --- [hieuthuoc] [restartedMain] ion$DefaultTemplateResolverConfiguration : Cannot find template location: classpath:/templates/ (please add some templates, check your Thymeleaf configuration, or set spring.thymeleaf.check-template-location=false)
2024-12-26T01:38:03.653+07:00  INFO 11868 --- [hieuthuoc] [restartedMain] o.s.b.d.a.OptionalLiveReloadServer       : LiveReload server is running on port 35729
2024-12-26T01:38:03.671+07:00  INFO 11868 --- [hieuthuoc] [restartedMain] o.s.b.w.embedded.tomcat.TomcatWebServer  : Tomcat started on port 8888 (http) with context path '/hieuthuoc'
2024-12-26T01:38:03.680+07:00  INFO 11868 --- [hieuthuoc] [restartedMain] c.e.hieuthuoc.HieuthuocApplication       : Started HieuthuocApplication in 4.212 seconds (process running for 208.896)
2024-12-26T01:38:03.684+07:00  INFO 11868 --- [hieuthuoc] [restartedMain] .ConditionEvaluationDeltaLoggingListener : Condition evaluation unchanged
2024-12-26T01:38:06.762+07:00  INFO 11868 --- [hieuthuoc] [http-nio-8888-exec-1] o.a.c.c.C.[.[localhost].[/hieuthuoc]     : Initializing Spring DispatcherServlet 'dispatcherServlet'
2024-12-26T01:38:06.762+07:00  INFO 11868 --- [hieuthuoc] [http-nio-8888-exec-1] o.s.web.servlet.DispatcherServlet        : Initializing Servlet 'dispatcherServlet'
2024-12-26T01:38:06.766+07:00  INFO 11868 --- [hieuthuoc] [http-nio-8888-exec-1] o.s.web.servlet.DispatcherServlet        : Completed initialization in 3 ms
2024-12-26T01:38:24.612+07:00  INFO 11868 --- [hieuthuoc] [File Watcher] rtingClassPathChangeChangedEventListener : Restarting due to 2 class path changes (0 additions, 0 deletions, 2 modifications)
2024-12-26T01:38:25.026+07:00  INFO 11868 --- [hieuthuoc] [Thread-7] j.LocalContainerEntityManagerFactoryBean : Closing JPA EntityManagerFactory for persistence unit 'default'
2024-12-26T01:38:25.028+07:00  INFO 11868 --- [hieuthuoc] [Thread-7] com.zaxxer.hikari.HikariDataSource       : HikariPool-2 - Shutdown initiated...
2024-12-26T01:38:25.039+07:00  INFO 11868 --- [hieuthuoc] [Thread-7] com.zaxxer.hikari.HikariDataSource       : HikariPool-2 - Shutdown completed.
2024-12-26T01:38:25.291+07:00  INFO 11868 --- [hieuthuoc] [restartedMain] c.e.hieuthuoc.HieuthuocApplication       : Starting HieuthuocApplication using Java 17.0.8.1 with PID 11868 (C:\Users\Admin\OneDrive\Documents\code\DoAn\NguyenTrungKien_B20DCCN358\BE\hieuthuoc\target\classes started by Admin in C:\Users\Admin\OneDrive\Documents\code\DoAn\NguyenTrungKien_B20DCCN358\BE\hieuthuoc)
2024-12-26T01:38:25.292+07:00  INFO 11868 --- [hieuthuoc] [restartedMain] c.e.hieuthuoc.HieuthuocApplication       : No active profile set, falling back to 1 default profile: "default"
2024-12-26T01:38:26.195+07:00  INFO 11868 --- [hieuthuoc] [restartedMain] .s.d.r.c.RepositoryConfigurationDelegate : Bootstrapping Spring Data JPA repositories in DEFAULT mode.
2024-12-26T01:38:26.495+07:00  INFO 11868 --- [hieuthuoc] [restartedMain] .s.d.r.c.RepositoryConfigurationDelegate : Finished Spring Data repository scanning in 298 ms. Found 25 JPA repository interfaces.
2024-12-26T01:38:26.894+07:00  INFO 11868 --- [hieuthuoc] [restartedMain] o.s.b.w.embedded.tomcat.TomcatWebServer  : Tomcat initialized with port 8888 (http)
2024-12-26T01:38:26.895+07:00  INFO 11868 --- [hieuthuoc] [restartedMain] o.apache.catalina.core.StandardService   : Starting service [Tomcat]
2024-12-26T01:38:26.896+07:00  INFO 11868 --- [hieuthuoc] [restartedMain] o.apache.catalina.core.StandardEngine    : Starting Servlet engine: [Apache Tomcat/10.1.31]
2024-12-26T01:38:26.944+07:00  INFO 11868 --- [hieuthuoc] [restartedMain] o.a.c.c.C.[.[localhost].[/hieuthuoc]     : Initializing Spring embedded WebApplicationContext
2024-12-26T01:38:26.944+07:00  INFO 11868 --- [hieuthuoc] [restartedMain] w.s.c.ServletWebServerApplicationContext : Root WebApplicationContext: initialization completed in 1646 ms
2024-12-26T01:38:26.968+07:00  INFO 11868 --- [hieuthuoc] [restartedMain] com.zaxxer.hikari.HikariDataSource       : HikariPool-3 - Starting...
2024-12-26T01:38:26.987+07:00  INFO 11868 --- [hieuthuoc] [restartedMain] com.zaxxer.hikari.pool.HikariPool        : HikariPool-3 - Added connection com.mysql.cj.jdbc.ConnectionImpl@45ebc9e2
2024-12-26T01:38:26.987+07:00  INFO 11868 --- [hieuthuoc] [restartedMain] com.zaxxer.hikari.HikariDataSource       : HikariPool-3 - Start completed.
2024-12-26T01:38:26.987+07:00  INFO 11868 --- [hieuthuoc] [restartedMain] o.s.b.a.h2.H2ConsoleAutoConfiguration    : H2 console available at '/h2-console'. Database available at 'jdbc:mysql://localhost:3306/hieuthuoc'
2024-12-26T01:38:27.072+07:00  INFO 11868 --- [hieuthuoc] [restartedMain] o.hibernate.jpa.internal.util.LogHelper  : HHH000204: Processing PersistenceUnitInfo [name: default]
2024-12-26T01:38:27.079+07:00  INFO 11868 --- [hieuthuoc] [restartedMain] o.h.c.internal.RegionFactoryInitiator    : HHH000026: Second-level cache disabled
2024-12-26T01:38:27.108+07:00  INFO 11868 --- [hieuthuoc] [restartedMain] o.s.o.j.p.SpringPersistenceUnitInfo      : No LoadTimeWeaver setup: ignoring JPA class transformer
2024-12-26T01:38:27.114+07:00  WARN 11868 --- [hieuthuoc] [restartedMain] org.hibernate.orm.deprecation            : HHH90000025: MySQL8Dialect does not need to be specified explicitly using 'hibernate.dialect' (remove the property setting and it will be selected by default)
2024-12-26T01:38:27.114+07:00  WARN 11868 --- [hieuthuoc] [restartedMain] org.hibernate.orm.deprecation            : HHH90000026: MySQL8Dialect has been deprecated; use org.hibernate.dialect.MySQLDialect instead
2024-12-26T01:38:28.086+07:00  INFO 11868 --- [hieuthuoc] [restartedMain] o.h.e.t.j.p.i.JtaPlatformInitiator       : HHH000489: No JTA platform available (set 'hibernate.transaction.jta.platform' to enable JTA platform integration)
2024-12-26T01:38:28.701+07:00  INFO 11868 --- [hieuthuoc] [restartedMain] j.LocalContainerEntityManagerFactoryBean : Initialized JPA EntityManagerFactory for persistence unit 'default'
2024-12-26T01:38:29.001+07:00  INFO 11868 --- [hieuthuoc] [restartedMain] eAuthenticationProviderManagerConfigurer : Global AuthenticationManager configured with AuthenticationProvider bean with name authenticationProvider
2024-12-26T01:38:29.001+07:00  WARN 11868 --- [hieuthuoc] [restartedMain] r$InitializeUserDetailsManagerConfigurer : Global AuthenticationManager configured with an AuthenticationProvider bean. UserDetailsService beans will not be used for username/password login. Consider removing the AuthenticationProvider bean. Alternatively, consider using the UserDetailsService in a manually instantiated DaoAuthenticationProvider.
2024-12-26T01:38:29.713+07:00  WARN 11868 --- [hieuthuoc] [restartedMain] JpaBaseConfiguration$JpaWebConfiguration : spring.jpa.open-in-view is enabled by default. Therefore, database queries may be performed during view rendering. Explicitly configure spring.jpa.open-in-view to disable this warning
2024-12-26T01:38:30.067+07:00  WARN 11868 --- [hieuthuoc] [restartedMain] ion$DefaultTemplateResolverConfiguration : Cannot find template location: classpath:/templates/ (please add some templates, check your Thymeleaf configuration, or set spring.thymeleaf.check-template-location=false)
2024-12-26T01:38:30.300+07:00  INFO 11868 --- [hieuthuoc] [restartedMain] o.s.b.d.a.OptionalLiveReloadServer       : LiveReload server is running on port 35729
2024-12-26T01:38:30.323+07:00  INFO 11868 --- [hieuthuoc] [restartedMain] o.s.b.w.embedded.tomcat.TomcatWebServer  : Tomcat started on port 8888 (http) with context path '/hieuthuoc'
2024-12-26T01:38:30.335+07:00  INFO 11868 --- [hieuthuoc] [restartedMain] c.e.hieuthuoc.HieuthuocApplication       : Started HieuthuocApplication in 5.174 seconds (process running for 235.55)
2024-12-26T01:38:30.339+07:00  INFO 11868 --- [hieuthuoc] [restartedMain] .ConditionEvaluationDeltaLoggingListener : Condition evaluation unchanged
2024-12-26T01:38:36.354+07:00  INFO 11868 --- [hieuthuoc] [http-nio-8888-exec-2] o.a.c.c.C.[.[localhost].[/hieuthuoc]     : Initializing Spring DispatcherServlet 'dispatcherServlet'
2024-12-26T01:38:36.355+07:00  INFO 11868 --- [hieuthuoc] [http-nio-8888-exec-2] o.s.web.servlet.DispatcherServlet        : Initializing Servlet 'dispatcherServlet'
2024-12-26T01:38:36.359+07:00  INFO 11868 --- [hieuthuoc] [http-nio-8888-exec-2] o.s.web.servlet.DispatcherServlet        : Completed initialization in 4 ms
2024-12-26T14:53:18.116+07:00  INFO 3668 --- [hieuthuoc] [restartedMain] c.e.hieuthuoc.HieuthuocApplication       : Starting HieuthuocApplication using Java 17.0.8.1 with PID 3668 (C:\Users\Admin\OneDrive\Documents\code\DoAn\NguyenTrungKien_B20DCCN358\BE\hieuthuoc\target\classes started by Admin in C:\Users\Admin\OneDrive\Documents\code\DoAn\NguyenTrungKien_B20DCCN358\BE\hieuthuoc)
2024-12-26T14:53:18.123+07:00  INFO 3668 --- [hieuthuoc] [restartedMain] c.e.hieuthuoc.HieuthuocApplication       : No active profile set, falling back to 1 default profile: "default"
2024-12-26T14:53:18.762+07:00  INFO 3668 --- [hieuthuoc] [restartedMain] .e.DevToolsPropertyDefaultsPostProcessor : Devtools property defaults active! Set 'spring.devtools.add-properties' to 'false' to disable
2024-12-26T14:53:18.763+07:00  INFO 3668 --- [hieuthuoc] [restartedMain] .e.DevToolsPropertyDefaultsPostProcessor : For additional web related logging consider setting the 'logging.level.web' property to 'DEBUG'
2024-12-26T14:53:23.132+07:00  INFO 3668 --- [hieuthuoc] [restartedMain] .s.d.r.c.RepositoryConfigurationDelegate : Bootstrapping Spring Data JPA repositories in DEFAULT mode.
2024-12-26T14:53:23.552+07:00  INFO 3668 --- [hieuthuoc] [restartedMain] .s.d.r.c.RepositoryConfigurationDelegate : Finished Spring Data repository scanning in 397 ms. Found 25 JPA repository interfaces.
2024-12-26T14:53:25.588+07:00  INFO 3668 --- [hieuthuoc] [restartedMain] o.s.b.w.embedded.tomcat.TomcatWebServer  : Tomcat initialized with port 8888 (http)
2024-12-26T14:53:25.617+07:00  INFO 3668 --- [hieuthuoc] [restartedMain] o.apache.catalina.core.StandardService   : Starting service [Tomcat]
2024-12-26T14:53:25.618+07:00  INFO 3668 --- [hieuthuoc] [restartedMain] o.apache.catalina.core.StandardEngine    : Starting Servlet engine: [Apache Tomcat/10.1.31]
2024-12-26T14:53:25.779+07:00  INFO 3668 --- [hieuthuoc] [restartedMain] o.a.c.c.C.[.[localhost].[/hieuthuoc]     : Initializing Spring embedded WebApplicationContext
2024-12-26T14:53:25.780+07:00  INFO 3668 --- [hieuthuoc] [restartedMain] w.s.c.ServletWebServerApplicationContext : Root WebApplicationContext: initialization completed in 7016 ms
2024-12-26T14:53:25.922+07:00  INFO 3668 --- [hieuthuoc] [restartedMain] com.zaxxer.hikari.HikariDataSource       : HikariPool-1 - Starting...
2024-12-26T14:53:27.033+07:00  INFO 3668 --- [hieuthuoc] [restartedMain] com.zaxxer.hikari.pool.HikariPool        : HikariPool-1 - Added connection com.mysql.cj.jdbc.ConnectionImpl@1f964976
2024-12-26T14:53:27.039+07:00  INFO 3668 --- [hieuthuoc] [restartedMain] com.zaxxer.hikari.HikariDataSource       : HikariPool-1 - Start completed.
2024-12-26T14:53:27.065+07:00  INFO 3668 --- [hieuthuoc] [restartedMain] o.s.b.a.h2.H2ConsoleAutoConfiguration    : H2 console available at '/h2-console'. Database available at 'jdbc:mysql://localhost:3306/hieuthuoc'
2024-12-26T14:53:27.561+07:00  INFO 3668 --- [hieuthuoc] [restartedMain] o.hibernate.jpa.internal.util.LogHelper  : HHH000204: Processing PersistenceUnitInfo [name: default]
2024-12-26T14:53:27.730+07:00  INFO 3668 --- [hieuthuoc] [restartedMain] org.hibernate.Version                    : HHH000412: Hibernate ORM core version 6.5.3.Final
2024-12-26T14:53:27.870+07:00  INFO 3668 --- [hieuthuoc] [restartedMain] o.h.c.internal.RegionFactoryInitiator    : HHH000026: Second-level cache disabled
2024-12-26T14:53:28.970+07:00  INFO 3668 --- [hieuthuoc] [restartedMain] o.s.o.j.p.SpringPersistenceUnitInfo      : No LoadTimeWeaver setup: ignoring JPA class transformer
2024-12-26T14:53:29.211+07:00  WARN 3668 --- [hieuthuoc] [restartedMain] org.hibernate.orm.deprecation            : HHH90000025: MySQL8Dialect does not need to be specified explicitly using 'hibernate.dialect' (remove the property setting and it will be selected by default)
2024-12-26T14:53:29.213+07:00  WARN 3668 --- [hieuthuoc] [restartedMain] org.hibernate.orm.deprecation            : HHH90000026: MySQL8Dialect has been deprecated; use org.hibernate.dialect.MySQLDialect instead
2024-12-26T14:53:32.635+07:00  INFO 3668 --- [hieuthuoc] [restartedMain] o.h.e.t.j.p.i.JtaPlatformInitiator       : HHH000489: No JTA platform available (set 'hibernate.transaction.jta.platform' to enable JTA platform integration)
2024-12-26T14:53:33.860+07:00  INFO 3668 --- [hieuthuoc] [restartedMain] j.LocalContainerEntityManagerFactoryBean : Initialized JPA EntityManagerFactory for persistence unit 'default'
2024-12-26T14:53:34.586+07:00  INFO 3668 --- [hieuthuoc] [restartedMain] o.s.d.j.r.query.QueryEnhancerFactory     : Hibernate is in classpath; If applicable, HQL parser will be used.
2024-12-26T14:53:37.603+07:00  INFO 3668 --- [hieuthuoc] [restartedMain] eAuthenticationProviderManagerConfigurer : Global AuthenticationManager configured with AuthenticationProvider bean with name authenticationProvider
2024-12-26T14:53:37.605+07:00  WARN 3668 --- [hieuthuoc] [restartedMain] r$InitializeUserDetailsManagerConfigurer : Global AuthenticationManager configured with an AuthenticationProvider bean. UserDetailsService beans will not be used for username/password login. Consider removing the AuthenticationProvider bean. Alternatively, consider using the UserDetailsService in a manually instantiated DaoAuthenticationProvider.
2024-12-26T14:53:40.630+07:00  WARN 3668 --- [hieuthuoc] [restartedMain] JpaBaseConfiguration$JpaWebConfiguration : spring.jpa.open-in-view is enabled by default. Therefore, database queries may be performed during view rendering. Explicitly configure spring.jpa.open-in-view to disable this warning
2024-12-26T14:53:42.028+07:00  WARN 3668 --- [hieuthuoc] [restartedMain] ion$DefaultTemplateResolverConfiguration : Cannot find template location: classpath:/templates/ (please add some templates, check your Thymeleaf configuration, or set spring.thymeleaf.check-template-location=false)
2024-12-26T14:53:42.815+07:00  INFO 3668 --- [hieuthuoc] [restartedMain] o.s.b.d.a.OptionalLiveReloadServer       : LiveReload server is running on port 35729
2024-12-26T14:53:42.971+07:00  INFO 3668 --- [hieuthuoc] [restartedMain] o.s.b.w.embedded.tomcat.TomcatWebServer  : Tomcat started on port 8888 (http) with context path '/hieuthuoc'
2024-12-26T14:53:43.000+07:00  INFO 3668 --- [hieuthuoc] [restartedMain] c.e.hieuthuoc.HieuthuocApplication       : Started HieuthuocApplication in 26.05 seconds (process running for 27.533)
2024-12-26T14:54:54.451+07:00  INFO 3668 --- [hieuthuoc] [http-nio-8888-exec-7] o.a.c.c.C.[.[localhost].[/hieuthuoc]     : Initializing Spring DispatcherServlet 'dispatcherServlet'
2024-12-26T14:54:54.453+07:00  INFO 3668 --- [hieuthuoc] [http-nio-8888-exec-7] o.s.web.servlet.DispatcherServlet        : Initializing Servlet 'dispatcherServlet'
2024-12-26T14:54:54.460+07:00  INFO 3668 --- [hieuthuoc] [http-nio-8888-exec-7] o.s.web.servlet.DispatcherServlet        : Completed initialization in 6 ms
